<?xml version="1.0" encoding="UTF-8"?>
<!-- Generated by org.testng.reporters.JUnitReportReporter -->
<testsuite skipped="0" hostname="DESKTOP-QLKFNLE" name="com.mobile.NewTest" tests="3" failures="0" timestamp="2020-05-21T11:55:54 GST" time="11.674" errors="0">
  <testcase name="successfulLogin" time="5.345" classname="com.mobile.NewTest"/>
  <system-out/>
  <testcase name="invalidPassword" time="3.158" classname="com.mobile.NewTest"/>
  <system-out/>
  <testcase name="invalidUsername" time="3.171" classname="com.mobile.NewTest"/>
  <system-out/>
</testsuite> <!-- com.mobile.NewTest -->
