<?xml version="1.0" encoding="UTF-8"?>
<!-- Generated by org.testng.reporters.JUnitReportReporter -->
<testsuite skipped="0" hostname="DESKTOP-QLKFNLE" name="com.mobile.tests.LoginTest" tests="3" failures="0" timestamp="2020-08-13T19:03:16 GST" time="18.393" errors="0">
  <testcase name="invalidUsername" time="4.394" classname="com.mobile.tests.LoginTest"/>
  <system-out/>
  <testcase name="successfulLogin" time="8.762" classname="com.mobile.tests.LoginTest"/>
  <system-out/>
  <testcase name="invalidPassword" time="5.237" classname="com.mobile.tests.LoginTest"/>
  <system-out/>
</testsuite> <!-- com.mobile.tests.LoginTest -->
