<?xml version="1.0" encoding="UTF-8"?>
<!-- Generated by org.testng.reporters.JUnitReportReporter -->
<testsuite skipped="0" hostname="DESKTOP-QLKFNLE" name="com.mobile.tests.NewTest" tests="1" failures="0" timestamp="2020-09-04T21:45:12 GST" time="20.707" errors="0">
  <testcase name="invalidUsername" time="20.707" classname="com.mobile.tests.NewTest"/>
  <system-out/>
</testsuite> <!-- com.mobile.tests.NewTest -->
